2024-10-14 12:14:02 - DEBUG - Displaying available plugins
2024-10-14 12:14:05 - ERROR - Invalid input provided.
2024-10-14 12:14:09 - DEBUG - Operation 'add' executed with result: 5
2024-10-14 12:14:13 - ERROR - Division by zero attempted.
2024-10-14 12:14:15 - INFO - User exited the application.
2024-10-14 12:23:57 - DEBUG - Found command modules: ['add', 'divide', 'multiply', 'subtract']
2024-10-14 12:23:57 - DEBUG - Attempting to import module: add
2024-10-14 12:23:57 - INFO - Successfully loaded plugin: add
2024-10-14 12:23:57 - DEBUG - Attempting to import module: divide
2024-10-14 12:23:57 - INFO - Successfully loaded plugin: divide
2024-10-14 12:23:57 - DEBUG - Attempting to import module: multiply
2024-10-14 12:23:57 - INFO - Successfully loaded plugin: multiply
2024-10-14 12:23:57 - DEBUG - Attempting to import module: subtract
2024-10-14 12:23:57 - INFO - Successfully loaded plugin: subtract
2024-10-14 12:23:57 - DEBUG - Displaying available plugins
2024-10-14 12:23:57 - DEBUG - Listing loaded plugins: ['add', 'divide', 'multiply', 'subtract']
2024-10-14 12:24:03 - INFO - User exited the application.
2024-10-14 12:56:45 - DEBUG - Found command modules: ['add', 'divide', 'multiply', 'subtract']
2024-10-14 12:56:45 - DEBUG - Attempting to import module: add
2024-10-14 12:56:45 - INFO - Successfully loaded plugin: add
2024-10-14 12:56:45 - DEBUG - Attempting to import module: divide
2024-10-14 12:56:45 - INFO - Successfully loaded plugin: divide
2024-10-14 12:56:45 - DEBUG - Attempting to import module: multiply
2024-10-14 12:56:45 - INFO - Successfully loaded plugin: multiply
2024-10-14 12:56:45 - DEBUG - Attempting to import module: subtract
2024-10-14 12:56:45 - INFO - Successfully loaded plugin: subtract
2024-10-14 12:56:45 - DEBUG - Displaying available plugins
2024-10-14 12:56:45 - DEBUG - Listing loaded plugins: ['add', 'divide', 'multiply', 'subtract']
2024-10-14 12:56:47 - ERROR - Invalid input provided.
2024-10-14 12:56:51 - DEBUG - Retrieved command: add
2024-10-14 12:56:52 - DEBUG - Calculation created: add with operands [Decimal('5'), Decimal('3')] = 8
2024-10-14 12:56:52 - DEBUG - Operation 'add' executed with result: 8
2024-10-14 12:56:55 - DEBUG - Retrieved command: divide
2024-10-14 12:56:55 - ERROR - Division by zero attempted.
2024-10-14 12:57:00 - DEBUG - Retrieved command: divide
2024-10-14 12:57:00 - DEBUG - Calculation created: divide with operands [Decimal('5'), Decimal('10')] = 0.5
2024-10-14 12:57:00 - DEBUG - Operation 'divide' executed with result: 0.5
2024-10-14 12:57:06 - DEBUG - Retrieved command: multiply
2024-10-14 12:57:06 - DEBUG - Calculation created: multiply with operands [Decimal('6'), Decimal('2')] = 12
2024-10-14 12:57:06 - DEBUG - Operation 'multiply' executed with result: 12
2024-10-14 12:57:12 - DEBUG - Retrieved command: subtract
2024-10-14 12:57:12 - DEBUG - Calculation created: subtract with operands [Decimal('10000'), Decimal('-99')] = 10099
2024-10-14 12:57:12 - DEBUG - Operation 'subtract' executed with result: 10099
2024-10-14 12:57:19 - INFO - User exited the application.
